aig 3537 35 256 0 3246 1
3
5
7
9
11
13
15
17
19
161
163
93
181
183
185
187
189
197
199
201
205
207
211
215
209
217
219
221
223
225
227
233
143
137
139
1
239
145
141
149
151
153
155
1360
1309
1363
1368
1374
1380
1386
1392
1398
1404
1410
1440
1450
1461
1479
1488
1498
1504
1510
1534
1556
1570
1576
1592
1608
1615
1617
1619
1621
1623
1635
1637
1639
1641
1643
1648
1650
1664
1675
1703
1714
1717
1719
1118
1729
1731
1757
1765
1771
1360
11
13
17
15
2084
3
7
5
19
9
2190
3511
281
3513
285
287
2190
1368
1374
1380
1386
1392
1398
1404
1410
2296
3548
3566
3578
3596
3606
2526
3618
3624
3630
3654
3678
3692
3698
3718
3740
2420
3783
3785
3787
3781
3789
3847
3849
3851
3853
3855
3857
3863
3869
2922
3916
3920
3924
3928
3932
3936
3940
3944
3948
2654
3960
3968
3976
3984
3992
4000
4008
4016
4024
2622
4038
4052
3452
4060
3779
4063
4065
2702
4078
3398
4083
4087
3020
361
357
355
353
359
343
345
349
351
347
4103
4106
4125
461
2984
4133
467
2906
421
423
419
4136
4152
481
483
485
4155
4295
489
4301
4307
0
499
3768
4320
505
507
4327
3464
4331
515
4333
519
417
517
525
527
529
531
427
413
319
313
329
333
331
337
339
315
317
311
493
559
4335
4343
4345
3837
3817
4347
4351
4357
4365
4367
4369
7075
584 57 55
586 58 44
588 586 48
590 41 39
592 237 47
594 592 590
596 594 588
598 596 43
600 598 585
602 132 128
604 603 130
606 602 131
608 607 605
610 237 49
612 610 590
614 62 46
616 45 43
618 616 614
620 618 612
622 620 60
624 623 608
626 624 601
628 133 129
630 629 603
632 590 58
634 237 45
636 585 42
638 636 634
640 638 632
642 640 48
644 590 43
646 62 44
648 646 644
650 648 60
652 650 610
654 653 643
656 655 47
658 657 631
660 237 142
662 118 116
664 663 123
666 662 122
668 667 665
670 669 73
672 670 229
674 119 117
676 675 663
678 677 75
680 678 229
682 245 229
684 682 77
686 229 121
688 686 79
690 682 83
692 686 85
694 86 85
696 87 84
698 697 695
700 82 81
702 83 80
704 703 701
706 705 79
708 704 78
710 709 707
712 711 699
714 710 698
716 715 713
718 77 74
720 76 75
722 721 719
724 723 72
726 722 73
728 727 725
730 729 716
732 728 717
734 733 731
736 735 229
738 62 48
740 63 43
742 741 739
744 47 44
746 744 58
748 746 742
750 739 647
752 48 44
754 753 59
756 754 751
758 647 43
760 63 45
762 761 58
764 762 758
766 765 757
768 767 46
770 769 749
772 771 164
774 739 47
776 775 615
778 58 45
780 778 42
782 780 776
784 744 738
786 784 59
788 787 783
790 789 190
792 58 46
794 792 761
796 794 759
798 752 614
800 738 586
802 801 799
804 802 797
806 805 72
808 807 791
810 808 773
812 647 615
814 813 644
816 814 811
818 40 38
820 819 591
822 46 45
824 823 745
826 824 43
828 825 42
830 829 827
832 831 820
834 830 821
836 835 833
838 50 49
840 51 48
842 841 839
844 842 836
846 843 837
848 847 845
850 849 817
852 771 168
854 789 194
856 805 74
858 857 855
860 858 853
862 861 814
864 89 77
866 88 76
868 867 865
870 74 73
872 75 72
874 873 871
876 874 869
878 875 868
880 879 877
882 880 716
884 881 717
886 885 883
888 887 863
890 771 166
892 789 192
894 805 76
896 895 893
898 896 891
900 899 814
902 179 172
904 178 173
906 905 903
908 167 164
910 166 165
912 911 909
914 913 168
916 912 169
918 917 915
920 177 174
922 176 175
924 923 921
926 171 159
928 170 158
930 929 927
932 930 924
934 931 925
936 935 933
938 936 919
940 937 918
942 941 939
944 942 906
946 943 907
948 947 945
950 948 901
952 771 174
954 789 202
956 805 78
958 957 955
960 958 953
962 961 814
964 963 887
966 771 178
968 789 206
970 805 80
972 971 969
974 972 967
976 975 814
978 195 190
980 194 191
982 981 979
984 207 204
986 206 205
988 987 985
990 988 197
992 989 196
994 993 991
996 994 982
998 995 983
1000 999 997
1002 203 193
1004 202 192
1006 1005 1003
1008 200 198
1010 201 199
1012 1011 1009
1014 1013 1006
1016 1012 1007
1018 1017 1015
1020 1019 1001
1022 1018 1000
1024 1023 1021
1026 1025 977
1028 771 176
1030 789 204
1032 805 82
1034 1033 1031
1036 1034 1029
1038 1037 814
1040 187 182
1042 186 183
1044 1043 1041
1046 704 699
1048 705 698
1050 1049 1047
1052 1050 1044
1054 1051 1045
1056 1055 1053
1058 184 180
1060 185 181
1062 1061 1059
1064 1063 188
1066 1062 189
1068 1067 1065
1070 1069 1057
1072 1068 1056
1074 1073 1071
1076 1074 1039
1078 771 170
1080 789 196
1082 805 84
1084 1083 1081
1086 1084 1079
1088 1087 814
1090 1089 948
1092 887 229
1094 615 587
1096 1095 87
1098 793 739
1100 1099 759
1102 1094 201
1104 1103 1100
1106 1104 1097
1108 1101 158
1110 1108 1095
1112 1111 1107
1114 1113 814
1116 1115 1092
1118 213 210
1120 231 209
1122 1121 1119
1124 59 49
1126 1124 44
1128 1126 614
1130 1129 749
1132 942 179
1134 943 178
1136 1135 1133
1138 1136 1131
1140 49 47
1142 1141 199
1144 1143 759
1146 1144 1094
1148 805 88
1150 793 49
1152 1150 158
1154 1151 173
1156 1155 1153
1158 1156 758
1160 1158 1095
1162 1161 1149
1164 1162 1147
1166 1164 1139
1168 1167 814
1170 1169 1123
1172 632 617
1174 1172 49
1176 48 46
1178 1176 648
1180 1179 1175
1182 1181 1167
1184 1172 48
1186 1185 815
1188 1131 737
1190 789 186
1192 758 88
1194 1192 1099
1196 1195 1191
1198 1196 1189
1200 1199 1187
1202 1201 1183
1204 1181 811
1206 789 180
1208 1131 228
1210 771 72
1212 1211 1209
1214 1212 1207
1216 1215 1187
1218 1217 1205
1220 1181 861
1222 789 184
1224 771 74
1226 1225 1209
1228 1226 1223
1230 1229 1187
1232 1231 1221
1234 1181 899
1236 789 182
1238 1209 77
1240 1239 771
1242 1241 1237
1244 1243 1187
1246 1245 1235
1248 1181 961
1250 789 188
1252 771 78
1254 1253 1209
1256 1254 1251
1258 1257 1187
1260 1259 1249
1262 1181 975
1264 788 770
1266 1265 1187
1268 1209 81
1270 1269 1266
1272 1271 1263
1274 1181 1037
1276 1209 83
1278 1277 1266
1280 1279 1275
1282 1181 1087
1284 1209 85
1286 1285 1266
1288 1287 1283
1290 1181 1113
1292 1209 87
1294 1293 1266
1296 1295 1291
1298 84 81
1300 1298 82
1302 87 83
1304 1302 85
1306 1305 80
1308 1304 81
1310 1309 1307
1312 1310 240
1314 1312 1301
1316 95 64
1318 1316 249
1320 1319 163
1322 234 67
1324 1322 1321
1326 1324 237
1328 1327 1315
1330 1302 81
1332 1303 80
1334 240 85
1336 1334 1333
1338 1336 1331
1340 247 243
1342 1340 1339
1344 1315 142
1346 129 126
1348 240 74
1350 1349 1347
1352 621 125
1354 1352 599
1356 58 16
1358 62 34
1360 1359 1357
1362 91 69
1364 58 2
1366 62 20
1368 1367 1365
1370 58 6
1372 62 24
1374 1373 1371
1376 58 4
1378 62 22
1380 1379 1377
1382 58 14
1384 62 32
1386 1385 1383
1388 58 18
1390 62 36
1392 1391 1389
1394 58 8
1396 62 26
1398 1397 1395
1400 58 12
1402 62 30
1404 1403 1401
1406 58 10
1408 62 28
1410 1409 1407
1412 592 48
1414 1412 650
1416 642 46
1418 1417 1415
1420 1419 2
1422 700 240
1424 1422 694
1426 1424 104
1428 1426 98
1430 1428 100
1432 1430 96
1434 1431 97
1436 1435 1433
1438 1436 1418
1440 1439 1421
1442 1419 6
1444 1427 99
1446 1445 1429
1448 1446 1418
1450 1449 1443
1452 1419 5
1454 1429 101
1456 1455 1431
1458 1457 1418
1460 1459 1453
1462 1419 19
1464 101 98
1466 1465 104
1468 1467 1424
1470 1468 103
1472 1469 102
1474 1473 1471
1476 1474 1418
1478 1477 1463
1480 1419 8
1482 1425 105
1484 1483 1427
1486 1484 1418
1488 1487 1481
1490 49 46
1492 1490 640
1494 1492 2
1496 1414 20
1498 1497 1495
1500 1492 6
1502 1414 24
1504 1503 1501
1506 1492 4
1508 1414 22
1510 1509 1507
1512 1414 32
1514 1492 14
1516 1515 1513
1518 1493 1415
1520 87 85
1522 1520 1422
1524 1522 110
1526 1524 106
1528 1525 107
1530 1529 1527
1532 1530 1518
1534 1533 1516
1536 113 106
1538 1537 110
1540 1539 1522
1542 1540 109
1544 1541 108
1546 1545 1543
1548 1547 1518
1550 1492 18
1552 1414 36
1554 1553 1551
1556 1554 1549
1558 1492 16
1560 1414 34
1562 1561 1559
1564 1523 111
1566 1565 1525
1568 1566 1518
1570 1569 1562
1572 1492 8
1574 1414 26
1576 1575 1573
1578 1414 30
1580 1492 12
1582 1581 1579
1584 1527 113
1586 1526 112
1588 1587 1518
1590 1588 1585
1592 1591 1582
1594 1414 28
1596 1586 114
1598 1587 115
1600 1599 1597
1602 1600 1518
1604 1492 10
1606 1605 1603
1608 1606 1595
1610 250 71
1612 1611 141
1614 1612 239
1616 1614 244
1618 1614 120
1620 1614 676
1622 1614 668
1624 131 128
1626 246 133
1628 247 132
1630 1629 1627
1632 1630 1624
1634 1633 1614
1636 1634 124
1638 1634 1346
1640 1634 609
1642 1634 630
1644 636 596
1646 652 46
1648 1647 1645
1650 1614 252
1652 127 124
1654 133 128
1656 1655 1653
1658 1656 134
1660 1657 135
1662 1661 1659
1664 1663 1634
1666 163 94
1668 1667 70
1670 1668 161
1672 1422 696
1674 1672 1670
1676 1298 86
1678 247 119
1680 1678 122
1682 1680 1676
1684 1654 131
1686 117 82
1688 116 83
1690 1689 1687
1692 1690 1684
1694 1692 1682
1696 235 140
1698 1697 248
1700 1698 1611
1702 1700 1695
1704 237 60
1706 1704 1178
1708 586 46
1710 1708 636
1712 1710 612
1714 1713 1707
1716 1612 146
1718 1695 1684
1720 152 70
1722 1720 157
1724 1723 1671
1726 1725 72
1728 1726 240
1730 1722 1312
1732 255 53
1734 1733 219
1736 222 221
1738 227 224
1740 226 225
1742 1741 1739
1744 1742 232
1746 1743 233
1748 1747 1745
1750 1749 1737
1752 1751 1734
1754 1752 1123
1756 1754 849
1758 212 209
1760 1759 231
1762 1758 230
1764 1763 1761
1766 1074 1025
1768 1766 948
1770 1768 1092
1772 491 41
1774 1772 39
1776 1774 58
1778 44 43
1780 48 47
1782 1778 1776
1784 1782 1780
1786 1784 585
1788 43 39
1790 1788 41
1792 491 62
1794 1792 1790
1796 1794 46
1798 1794 48
1800 1794 44
1802 1799 1796
1804 1802 1801
1806 1804 60
1808 442 440
1810 438 436
1812 1810 1808
1814 1812 445
1816 1813 444
1818 1817 1815
1820 1807 1787
1822 1820 1818
1824 45 42
1826 1824 1776
1828 1826 1780
1830 1828 585
1832 1800 1797
1834 1832 1799
1836 1834 60
1838 1808 438
1840 1838 437
1842 1809 436
1844 439 436
1846 1843 1841
1848 1846 1845
1850 1837 1831
1852 1850 1848
1854 563 489
1856 1855 491
1858 450 448
1860 1858 454
1862 1860 446
1864 1862 453
1866 1863 452
1868 1867 1865
1870 1868 371
1872 1858 446
1874 1872 455
1876 454 447
1878 1859 454
1880 1877 1875
1882 1880 1879
1884 1882 375
1886 1859 446
1888 1858 447
1890 1889 1887
1892 1890 373
1894 451 448
1896 450 449
1898 1895 449
1900 1898 1897
1902 1900 381
1904 476 472
1906 1904 475
1908 1905 474
1910 1909 1907
1912 1910 383
1914 477 472
1916 476 473
1918 1915 473
1920 1918 1917
1922 1920 377
1924 372 370
1926 1924 374
1928 373 370
1930 1928 375
1932 372 371
1934 1932 375
1936 373 371
1938 1936 374
1940 1931 1927
1942 1939 1935
1944 1942 1940
1946 378 377
1948 379 376
1950 1949 1947
1952 382 380
1954 1952 384
1956 383 380
1958 1956 385
1960 382 381
1962 1960 385
1964 383 381
1966 1964 384
1968 1959 1955
1970 1967 1963
1972 1970 1968
1974 1950 1945
1976 1974 1973
1978 1951 1945
1980 1978 1972
1982 1950 1944
1984 1982 1972
1986 1951 1944
1988 1986 1973
1990 1981 1977
1992 1989 1985
1994 1992 1990
1996 58 42
1998 1997 647
2000 1099 1095
2002 2000 1999
2004 2002 268
2006 1998 1099
2008 2006 1095
2010 2008 292
2012 1999 1095
2014 2012 1098
2016 2014 392
2018 1999 1099
2020 2018 1094
2022 2020 322
2024 2011 2005
2026 2023 2017
2028 2026 2024
2030 62 42
2032 62 38
2034 62 40
2036 2033 2031
2038 2036 2035
2040 2038 813
2042 2040 2029
2044 42 38
2046 2044 40
2048 43 38
2050 2048 41
2052 42 39
2054 2052 41
2056 1788 40
2058 2051 2047
2060 2057 2055
2062 2060 2058
2064 2063 842
2066 2064 825
2068 2063 843
2070 2068 824
2072 2062 842
2074 2072 824
2076 2062 843
2078 2076 825
2080 2071 2067
2082 2079 2075
2084 2082 2080
2086 2085 2043
2088 2002 272
2090 2008 296
2092 2014 396
2094 2020 326
2096 2091 2089
2098 2095 2093
2100 2098 2096
2102 2101 2040
2104 270 268
2106 2104 272
2108 271 268
2110 2108 273
2112 270 269
2114 2112 273
2116 271 269
2118 2116 272
2120 2111 2107
2122 2119 2115
2124 2122 2120
2126 274 264
2128 2126 262
2130 275 264
2132 2130 263
2134 274 265
2136 2134 263
2138 275 265
2140 2138 262
2142 2133 2129
2144 2141 2137
2146 2144 2142
2148 276 260
2150 2148 258
2152 276 261
2154 2152 259
2156 277 260
2158 2156 259
2160 277 261
2162 2160 258
2164 2155 2151
2166 2163 2159
2168 2166 2164
2170 2146 2125
2172 2170 2169
2174 2147 2125
2176 2174 2168
2178 2146 2124
2180 2178 2168
2182 2147 2124
2184 2182 2169
2186 2177 2173
2188 2185 2181
2190 2188 2186
2192 2191 2103
2194 2008 294
2196 2014 394
2198 2020 324
2200 2002 270
2202 2197 2195
2204 2201 2199
2206 2204 2202
2208 2207 2040
2210 294 292
2212 2210 296
2214 295 292
2216 2214 297
2218 294 293
2220 2218 297
2222 295 293
2224 2222 296
2226 2217 2213
2228 2225 2221
2230 2228 2226
2232 300 298
2234 2232 256
2236 301 298
2238 2236 257
2240 300 299
2242 2240 257
2244 301 299
2246 2244 256
2248 2239 2235
2250 2247 2243
2252 2250 2248
2254 304 302
2256 2254 306
2258 305 302
2260 2258 307
2262 304 303
2264 2262 307
2266 305 303
2268 2266 306
2270 2261 2257
2272 2269 2265
2274 2272 2270
2276 2252 2231
2278 2276 2275
2280 2253 2231
2282 2280 2274
2284 2252 2230
2286 2284 2274
2288 2253 2230
2290 2288 2275
2292 2283 2279
2294 2291 2287
2296 2294 2292
2298 2297 2209
2300 2020 334
2302 2008 302
2304 2002 276
2306 2014 402
2308 2303 2301
2310 2307 2305
2312 2310 2308
2314 2313 2040
2316 2315 2191
2318 2014 406
2320 2008 306
2322 2002 258
2324 2020 338
2326 2321 2319
2328 2325 2323
2330 2328 2326
2332 2331 2040
2334 324 322
2336 2334 326
2338 325 322
2340 2338 327
2342 324 323
2344 2342 327
2346 325 323
2348 2346 326
2350 2341 2337
2352 2349 2345
2354 2352 2350
2356 330 328
2358 2356 332
2360 331 328
2362 2360 333
2364 330 329
2366 2364 333
2368 331 329
2370 2368 332
2372 2363 2359
2374 2371 2367
2376 2374 2372
2378 336 334
2380 2378 338
2382 337 334
2384 2382 339
2386 336 335
2388 2386 339
2390 337 335
2392 2390 338
2394 2385 2381
2396 2393 2389
2398 2396 2394
2400 2376 2355
2402 2400 2399
2404 2377 2355
2406 2404 2398
2408 2376 2354
2410 2408 2398
2412 2377 2354
2414 2412 2399
2416 2407 2403
2418 2415 2411
2420 2418 2416
2422 2421 2333
2424 2014 404
2426 2002 260
2428 2008 304
2430 2020 336
2432 2427 2425
2434 2431 2429
2436 2434 2432
2438 2437 2040
2440 312 310
2442 2440 314
2444 313 310
2446 2444 315
2448 312 311
2450 2448 315
2452 313 311
2454 2452 314
2456 2447 2443
2458 2455 2451
2460 2458 2456
2462 316 264
2464 2462 262
2466 317 264
2468 2466 263
2470 316 265
2472 2470 263
2474 317 265
2476 2474 262
2478 2469 2465
2480 2477 2473
2482 2480 2478
2484 318 260
2486 2484 258
2488 318 261
2490 2488 259
2492 319 260
2494 2492 259
2496 319 261
2498 2496 258
2500 2491 2487
2502 2499 2495
2504 2502 2500
2506 2482 2461
2508 2506 2505
2510 2483 2461
2512 2510 2504
2514 2482 2460
2516 2514 2504
2518 2483 2460
2520 2518 2505
2522 2513 2509
2524 2521 2517
2526 2524 2522
2528 2527 2439
2530 2008 298
2532 2002 264
2534 2020 328
2536 2014 398
2538 2533 2531
2540 2537 2535
2542 2540 2538
2544 2543 2040
2546 394 392
2548 2546 396
2550 395 392
2552 2550 397
2554 394 393
2556 2554 397
2558 395 393
2560 2558 396
2562 2553 2549
2564 2561 2557
2566 2564 2562
2568 400 399
2570 401 398
2572 2571 2569
2574 404 402
2576 2574 406
2578 405 402
2580 2578 407
2582 404 403
2584 2582 407
2586 405 403
2588 2586 406
2590 2581 2577
2592 2589 2585
2594 2592 2590
2596 2572 2567
2598 2596 2595
2600 2573 2567
2602 2600 2594
2604 2572 2566
2606 2604 2594
2608 2573 2566
2610 2608 2595
2612 2603 2599
2614 2611 2607
2616 2614 2612
2618 2616 390
2620 2617 391
2622 2621 2619
2624 2623 2545
2626 2008 256
2628 2020 332
2630 2002 262
2632 2014 400
2634 2629 2627
2636 2633 2631
2638 2636 2634
2640 1098 1095
2642 2640 1998
2644 2642 256
2646 2645 2638
2648 2647 2040
2650 1995 387
2652 1994 386
2654 2653 2651
2656 2655 2649
2658 2642 257
2660 1999 1098
2662 2660 1094
2664 2663 2659
2666 2020 330
2668 2008 300
2670 2002 274
2672 2617 2014
2674 2669 2667
2676 2673 2671
2678 2676 2674
2680 2678 2664
2682 2681 2040
2684 419 417
2686 418 416
2688 2687 2685
2690 422 421
2692 423 420
2694 2693 2691
2696 2694 2688
2698 2697 2688
2700 2697 2694
2702 2701 2699
2704 2703 2683
2706 58 48
2708 58 40
2710 58 38
2712 2711 2709
2714 792 586
2716 2714 1996
2718 2716 2706
2720 1997 587
2722 2719 2712
2724 2722 2721
2726 2724 2707
2728 646 614
2730 2728 738
2732 2730 2038
2734 2733 2727
2736 2735 2681
2738 2724 2706
2740 2739 2041
2742 2014 1995
2744 2020 316
2746 2008 274
2748 2747 2745
2750 2748 2743
2752 2751 2741
2754 2753 2737
2756 2735 2029
2758 2014 370
2760 2008 268
2762 2020 310
2764 2763 2761
2766 2764 2759
2768 2767 2741
2770 2769 2757
2772 2020 314
2774 2008 272
2776 2775 2773
2778 2014 374
2780 2779 2776
2782 2781 2741
2784 2735 2101
2786 2785 2783
2788 2020 312
2790 2008 270
2792 2791 2789
2794 2014 372
2796 2795 2792
2798 2797 2741
2800 2735 2207
2802 2801 2799
2804 2735 2313
2806 2020 318
2808 2008 276
2810 2809 2807
2812 2014 380
2814 2813 2810
2816 2815 2741
2818 2817 2805
2820 2020 258
2822 2008 258
2824 2823 2821
2826 2014 384
2828 2827 2824
2830 2829 2741
2832 2735 2331
2834 2833 2831
2836 2014 382
2838 2008 260
2840 2020 260
2842 2841 2839
2844 2842 2837
2846 2845 2741
2848 2735 2437
2850 2849 2847
2852 2735 2543
2854 2020 264
2856 2008 264
2858 2857 2855
2860 2014 376
2862 2861 2858
2864 2863 2741
2866 2865 2853
2868 2735 2647
2870 2014 378
2872 2008 262
2874 2020 262
2876 2875 2873
2878 2876 2871
2880 2879 2741
2882 2881 2869
2884 357 352
2886 2884 355
2888 2886 361
2890 2888 359
2892 260 259
2894 265 263
2896 2894 2892
2898 2896 510
2900 265 262
2902 2900 2892
2904 2902 510
2906 2905 2899
2908 345 343
2910 2908 346
2912 350 348
2914 2912 2910
2916 2907 2890
2918 2916 2914
2920 366 364
2922 2921 363
2924 264 262
2926 261 259
2928 2926 2924
2930 2928 510
2932 264 263
2934 2932 2926
2936 2934 510
2938 2937 2931
2940 2938 580
2942 2940 496
2944 2922 461
2946 2944 2942
2948 582 581
2950 2948 2922
2952 459 365
2954 2952 488
2956 2954 64
2958 2957 285
2960 288 285
2962 2961 2959
2964 2962 67
2966 491 488
2968 2966 2964
2970 2926 2900
2972 2970 510
2974 261 258
2976 2974 2894
2978 2976 510
2980 2979 2973
2982 2980 2905
2984 2982 2899
2986 2922 460
2988 2986 2985
2990 2988 576
2992 2923 579
2994 2939 2922
2996 2994 580
2998 2997 2993
3000 2999 496
3002 346 343
3004 3002 350
3006 349 344
3008 3006 3004
3010 2984 2938
3012 2923 572
3014 3012 3011
3016 3014 3009
3018 433 431
3020 3018 365
3022 3021 2923
3024 578 461
3026 3024 3022
3028 3027 3017
3030 3029 494
3032 2991 2969
3034 3031 3001
3036 3034 3032
3038 2951 2947
3040 3038 3036
3042 3036 2951
3044 3042 2947
3046 3021 2922
3048 2922 565
3050 3048 2985
3052 3051 3047
3054 3052 2995
3056 3055 566
3058 2988 568
3060 573 570
3062 3060 2923
3064 3023 3015
3066 3065 574
3068 3059 3057
3070 3067 3063
3072 3070 3068
3074 2908 349
3076 350 346
3078 3076 3074
3080 2930 2616
3082 2931 2617
3084 3083 3081
3086 3085 3078
3088 350 347
3090 348 342
3092 3090 344
3094 3092 3088
3096 3094 400
3098 349 345
3100 3098 342
3102 3100 3088
3104 3102 406
3106 348 345
3108 3106 342
3110 3108 3088
3112 3110 404
3114 344 342
3116 3114 349
3118 3116 3088
3120 3118 398
3122 3105 3097
3124 3121 3113
3126 3124 3122
3128 3088 3074
3130 3128 392
3132 348 343
3134 3132 344
3136 3134 3088
3138 3136 402
3140 2908 348
3142 3140 3088
3144 3142 396
3146 344 343
3148 3146 349
3150 3148 3088
3152 3150 394
3154 3139 3131
3156 3153 3145
3158 3156 3154
3160 3126 3087
3162 3160 3158
3164 3163 2939
3166 351 346
3168 3166 3100
3170 3020 312
3172 3021 270
3174 3173 3171
3176 3175 3168
3178 3020 314
3180 3021 272
3182 3181 3179
3184 3166 3134
3186 3184 3183
3188 3166 3108
3190 3020 318
3192 3021 276
3194 3193 3191
3196 3195 3188
3198 3166 3148
3200 3020 310
3202 3021 268
3204 3203 3201
3206 3205 3198
3208 3187 3177
3210 3207 3197
3212 3210 3208
3214 351 347
3216 3214 3140
3218 2979 2938
3220 3219 3216
3222 2979 435
3224 3214 3074
3226 3224 3223
3228 3227 3221
3230 3020 324
3232 3021 294
3234 3233 3231
3236 3214 3100
3238 3236 3235
3240 3021 292
3242 3020 322
3244 3243 3241
3246 3214 3148
3248 3246 3245
3250 3021 302
3252 3020 334
3254 3253 3251
3256 3214 3108
3258 3256 3255
3260 3020 326
3262 3021 296
3264 3263 3261
3266 3214 3134
3268 3266 3265
3270 3249 3239
3272 3269 3259
3274 3272 3270
3276 3020 332
3278 3021 256
3280 3279 3277
3282 3166 3140
3284 3282 3281
3286 3166 3074
3288 3021 298
3290 3020 328
3292 3291 3289
3294 3293 3286
3296 3214 3092
3298 3021 304
3300 3020 336
3302 3301 3299
3304 3303 3296
3306 3214 3116
3308 3021 306
3310 3020 338
3312 3311 3309
3314 3313 3306
3316 3295 3285
3318 3315 3305
3320 3318 3316
3322 3228 3212
3324 3322 3274
3326 3324 3320
3328 3327 457
3330 491 256
3332 3330 492
3334 3022 494
3336 3334 460
3338 3046 460
3340 3338 496
3342 3337 3333
3344 3342 3341
3346 3329 3165
3348 3346 3344
3350 356 353
3352 3350 354
3354 356 352
3356 3354 355
3358 357 353
3360 3358 355
3362 2884 354
3364 3357 3353
3366 3363 3361
3368 3366 3364
3370 426 358
3372 3370 360
3374 427 358
3376 3374 361
3378 426 359
3380 3378 361
3382 427 359
3384 3382 360
3386 3377 3373
3388 3385 3381
3390 3388 3386
3392 3390 3368
3394 3393 3368
3396 3393 3390
3398 3397 3395
3400 3399 3348
3402 413 344
3404 3402 348
3406 412 344
3408 3406 349
3410 413 345
3412 3410 349
3414 412 345
3416 3414 348
3418 3409 3405
3420 3417 3413
3422 3420 3418
3424 350 342
3426 3424 346
3428 350 343
3430 3428 347
3432 351 342
3434 3432 347
3436 351 343
3438 3436 346
3440 3431 3427
3442 3439 3435
3444 3442 3440
3446 3444 3422
3448 3447 3422
3450 3447 3444
3452 3451 3449
3454 3453 3348
3456 1854 561
3458 2973 2938
3460 2979 2905
3462 3458 2899
3464 3462 3460
3466 3464 3457
3468 563 561
3470 3468 489
3472 3470 491
3474 525 509
3476 3474 507
3478 527 505
3480 3476 517
3482 3480 3478
3484 3482 3473
3486 503 501
3488 510 272
3490 1809 438
3492 1808 439
3494 3493 3491
3496 3494 3489
3498 1805 1785
3500 443 440
3502 442 441
3504 3501 441
3506 3504 3503
3508 3506 3498
3510 2926 2894
3512 283 69
3514 1798 1797
3516 3514 1800
3518 3516 60
3520 1776 1176
3522 3520 1824
3524 3522 585
3526 3525 3519
3528 2904 540
3530 3528 538
3532 557 552
3534 3532 3530
3536 556 553
3538 3531 556
3540 3537 3535
3542 3540 3539
3544 3543 3526
3546 3527 2
3548 3547 3545
3550 3527 6
3552 2904 538
3554 3552 541
3556 2905 540
3558 540 539
3560 3557 3555
3562 3560 3559
3564 3563 3526
3566 3565 3551
3568 3530 553
3570 3531 552
3572 3571 3569
3574 3573 3526
3576 3527 4
3578 3577 3575
3580 3528 553
3582 2904 539
3584 3583 3581
3586 3585 555
3588 3584 554
3590 3589 3587
3592 3591 3526
3594 3527 18
3596 3595 3593
3598 2905 538
3600 3599 3583
3602 3601 3526
3604 3527 8
3606 3605 3603
3608 1824 1490
3610 3608 1776
3612 3610 585
3614 3612 2
3616 3518 20
3618 3617 3615
3620 3612 6
3622 3518 24
3624 3623 3621
3626 3518 22
3628 3612 4
3630 3629 3627
3632 3612 14
3634 3613 3519
3636 544 543
3638 3636 2898
3640 545 542
3642 2899 542
3644 3641 3639
3646 3644 3643
3648 3647 3634
3650 3518 32
3652 3649 3633
3654 3652 3651
3656 3518 36
3658 549 542
3660 3658 2898
3662 2898 545
3664 3663 3661
3666 3664 546
3668 3665 547
3670 3669 3667
3672 3671 3634
3674 3612 18
3676 3673 3657
3678 3676 3675
3680 3518 34
3682 2899 544
3684 3683 3663
3686 3685 3634
3688 3612 16
3690 3687 3681
3692 3690 3689
3694 3518 26
3696 3612 8
3698 3697 3695
3700 3518 30
3702 2898 544
3704 3702 542
3706 3704 549
3708 3705 548
3710 3709 3707
3712 3711 3634
3714 3612 12
3716 3713 3701
3718 3716 3715
3720 3518 28
3722 551 548
3724 3722 3704
3726 550 549
3728 3705 550
3730 3727 3725
3732 3730 3729
3734 3733 3634
3736 3612 10
3738 3735 3721
3740 3738 3737
3742 1894 447
3744 454 452
3746 3744 3742
3748 3746 2923
3750 1896 447
3752 3750 452
3754 3752 454
3756 3754 2922
3758 3757 3749
3760 2953 521
3762 415 267
3764 3762 425
3766 3764 429
3768 3766 411
3770 3768 499
3772 3771 71
3774 517 505
3776 3774 3761
3778 3776 3773
3780 3778 3758
3782 3780 1891
3784 3780 1901
3786 3780 1883
3788 3780 1869
3790 2922 462
3792 3790 464
3794 2923 469
3796 2923 468
3798 3795 3793
3800 3798 3797
3802 442 437
3804 3802 440
3806 445 438
3808 3806 3804
3810 3808 3800
3812 3806 440
3814 442 436
3816 3814 3812
3818 3816 3794
3820 439 437
3822 3820 441
3824 444 442
3826 3824 3822
3828 3826 3796
3830 445 441
3832 3830 437
3834 442 438
3836 3834 3832
3838 3836 3792
3840 3819 3811
3842 3840 3829
3844 3842 3839
3846 3844 3778
3848 3846 3507
3850 3846 3495
3852 3846 1819
3854 3846 1849
3856 510 268
3858 3487 71
3860 533 528
3862 3860 3859
3864 2961 281
3866 3864 3859
3868 3866 3856
3870 1802 1800
3872 3870 60
3874 44 42
3876 1780 1776
3878 3876 3874
3880 3878 585
3882 3881 3873
3884 3883 2
3886 354 353
3888 3886 356
3890 3888 359
3892 3890 360
3894 3892 368
3896 355 352
3898 3896 356
3900 3898 361
3902 3900 359
3904 3902 369
3906 3905 3895
3908 3907 2915
3910 3908 3009
3912 2985 350
3914 3912 3910
3916 3915 3885
3918 3883 6
3920 3919 3915
3922 3883 4
3924 3923 3915
3926 3883 14
3928 3927 3915
3930 3883 16
3932 3931 3915
3934 3883 8
3936 3935 3915
3938 3883 12
3940 3939 3915
3942 3883 10
3944 3943 3915
3946 3883 18
3948 3947 3915
3950 3915 62
3952 3950 36
3954 3915 58
3956 3954 18
3958 3953 3915
3960 3958 3957
3962 3954 2
3964 3950 20
3966 3965 3963
3968 3966 3915
3970 3954 6
3972 3950 24
3974 3973 3971
3976 3974 3915
3978 3950 22
3980 3954 4
3982 3981 3979
3984 3982 3915
3986 3954 14
3988 3950 32
3990 3987 3915
3992 3990 3989
3994 3950 34
3996 3954 16
3998 3997 3995
4000 3998 3915
4002 3954 8
4004 3950 26
4006 4003 3915
4008 4006 4005
4010 3950 30
4012 3954 12
4014 4013 4011
4016 4014 3915
4018 3950 28
4020 3954 10
4022 4021 4019
4024 4022 3915
4026 321 291
4028 4026 53
4030 341 309
4032 4030 4028
4034 389 279
4036 4034 409
4038 4036 4032
4040 448 447
4042 4041 450
4044 4042 1863
4046 4044 536
4048 4045 537
4050 4049 4047
4052 4050 3780
4054 1917 523
4056 1916 522
4058 4057 4055
4060 4058 3778
4062 3778 1921
4064 3778 1911
4066 440 439
4068 4067 442
4070 4068 1813
4072 4070 534
4074 4071 535
4076 4075 4073
4078 4076 3846
4080 2924 2892
4082 4080 510
4084 2932 2892
4086 4084 510
4088 3826 2923
4090 3808 2922
4092 4091 4089
4094 448 446
4096 4094 451
4098 4096 453
4100 4098 454
4102 4100 4093
4104 4083 3464
4106 4104 4087
4108 441 439
4110 4108 437
4112 445 442
4114 4112 4110
4116 451 447
4118 4116 449
4120 455 452
4122 4120 4118
4124 4122 4114
4126 445 440
4128 4126 442
4130 4128 3820
4132 4130 4100
4134 2980 2931
4136 4134 2937
4138 474 472
4140 4138 476
4142 3845 470
4144 4142 3759
4146 4144 4140
4148 3845 3759
4150 4148 478
4152 4151 4147
4154 4086 3866
4156 489 486
4158 4088 3021
4160 3808 3046
4162 4161 4159
4164 264 259
4166 262 259
4168 4166 4165
4170 4168 2893
4172 455 447
4174 4172 1896
4176 4174 452
4178 4170 4163
4180 4178 4176
4182 4172 1894
4184 4182 452
4186 4167 4164
4188 4186 2893
4190 4184 4163
4192 4190 4188
4194 451 449
4196 4172 452
4198 4196 4194
4200 4167 4165
4202 4200 2893
4204 4202 259
4206 4198 4163
4208 4206 4204
4210 4193 4181
4212 4210 4209
4214 4172 1858
4216 4214 452
4218 4164 2893
4220 4218 4166
4222 4216 4163
4224 4222 4220
4226 4166 2892
4228 4226 4165
4230 455 446
4232 1896 452
4234 4232 4230
4236 4228 4163
4238 4236 4234
4240 4194 452
4242 4240 4230
4244 4165 2892
4246 4244 4167
4248 4246 4242
4250 4248 4163
4252 4239 4225
4254 4252 4251
4256 1876 452
4258 4256 4194
4260 4258 4163
4262 4186 2892
4264 4230 1894
4266 4264 452
4268 4266 4262
4270 4268 4163
4272 4226 4164
4274 4230 452
4276 4274 1858
4278 4276 4272
4280 4278 4163
4282 4271 4261
4284 4282 4281
4286 4254 4212
4288 4286 4284
4290 4288 4157
4292 3773 2953
4294 4292 4290
4296 3502 445
4298 4296 1844
4300 4298 2923
4302 443 438
4304 4302 437
4306 4304 3830
4308 1776 1490
4310 4308 3874
4312 4310 585
4314 1800 1796
4316 4314 1798
4318 4316 60
4320 4319 4313
4322 4288 487
4324 4322 3773
4326 4324 508
4328 512 488
4330 4328 482
4332 4288 2953
4334 4082 3866
4336 349 347
4338 4336 350
4340 4338 2908
4342 4340 2890
4344 4288 3808
4346 4306 4100
4348 4288 4088
4350 4348 3747
4352 3500 439
4354 445 437
4356 4354 4352
4358 1896 446
4360 454 453
4362 4360 4358
4364 4362 3816
4366 4362 3808
4368 4114 487
4370 1823 626
4372 1822 627
4374 4373 4371
4376 1853 658
4378 1852 659
4380 4379 4377
4382 490 237
4384 491 236
4386 4385 4383
4388 1856 661
4390 1857 660
4392 4391 4389
4394 1871 672
4396 1870 673
4398 4397 4395
4400 1885 680
4402 1884 681
4404 4403 4401
4406 1893 684
4408 1892 685
4410 4409 4407
4412 1903 688
4414 1902 689
4416 4415 4413
4418 1913 690
4420 1912 691
4422 4421 4419
4424 1923 692
4426 1922 693
4428 4427 4425
4430 1995 736
4432 1994 737
4434 4433 4431
4436 2087 850
4438 2086 851
4440 4439 4437
4442 2193 888
4444 2192 889
4446 4445 4443
4448 2299 950
4450 2298 951
4452 4451 4449
4454 2317 964
4456 2316 965
4458 4457 4455
4460 2423 1026
4462 2422 1027
4464 4463 4461
4466 2529 1076
4468 2528 1077
4470 4469 4467
4472 2625 1090
4474 2624 1091
4476 4475 4473
4478 2657 1116
4480 2656 1117
4482 4481 4479
4484 2705 1170
4486 2704 1171
4488 4487 4485
4490 422 211
4492 423 210
4494 4493 4491
4496 420 213
4498 421 212
4500 4499 4497
4502 418 209
4504 419 208
4506 4505 4503
4508 2755 1202
4510 2754 1203
4512 4511 4509
4514 2771 1218
4516 2770 1219
4518 4517 4515
4520 2787 1232
4522 2786 1233
4524 4523 4521
4526 2803 1246
4528 2802 1247
4530 4529 4527
4532 2819 1260
4534 2818 1261
4536 4535 4533
4538 2835 1272
4540 2834 1273
4542 4541 4539
4544 2851 1280
4546 2850 1281
4548 4547 4545
4550 2867 1288
4552 2866 1289
4554 4553 4551
4556 2883 1296
4558 2882 1297
4560 4559 4557
4562 3041 1328
4564 3040 1329
4566 4565 4563
4568 3045 1328
4570 3044 1329
4572 4571 4569
4574 3073 1342
4576 3072 1343
4578 4577 4575
4580 3401 143
4582 3400 142
4584 4583 4581
4586 3455 143
4588 3454 142
4590 4589 4587
4592 3466 1345
4594 3467 1344
4596 4595 4593
4598 3487 143
4600 3486 142
4602 4601 4599
4604 500 143
4606 501 142
4608 4607 4605
4610 3021 143
4612 3020 142
4614 4613 4611
4616 3497 1350
4618 3496 1351
4620 4619 4617
4622 3509 1354
4624 3508 1355
4626 4625 4623
4628 4386 4380
4630 4628 4374
4632 4404 4398
4634 4632 4392
4636 4634 4630
4638 4416 4410
4640 4428 4422
4642 4640 4638
4644 4642 4636
4646 4446 4440
4648 4646 4434
4650 4464 4458
4652 4650 4452
4654 4652 4648
4656 4482 4476
4658 4656 4470
4660 4500 4494
4662 4660 4488
4664 4662 4658
4666 4664 4654
4668 4666 4644
4670 4518 4512
4672 4670 4506
4674 4536 4530
4676 4674 4524
4678 4676 4672
4680 4554 4548
4682 4680 4542
4684 4566 2919
4686 4684 4560
4688 4686 4682
4690 4688 4678
4692 4578 4572
4694 4596 4590
4696 4694 4584
4698 4696 4692
4700 4608 4602
4702 4700 3485
4704 4620 4614
4706 4704 4626
4708 4706 4702
4710 4708 4698
4712 4710 4690
4714 4712 4668
4716 530 529
4718 4717 499
4720 528 525
4722 4721 4718
4724 510 501
4726 4725 4722
4728 528 501
4730 4729 4726
4732 518 491
4734 4733 4730
4736 488 481
4738 4737 4734
4740 500 481
4742 4741 4738
4744 506 481
4746 4745 4742
4748 474 473
4750 4749 4746
4752 528 461
4754 4753 4750
4756 472 449
4758 4757 4754
4760 474 447
4762 4761 4758
4764 444 441
4766 4765 4762
4768 462 365
4770 4769 4766
4772 526 365
4774 4773 4770
4776 418 349
4778 4777 4774
4780 418 345
4782 4781 4778
4784 344 343
4786 4785 4782
4788 348 343
4790 4789 4786
4792 422 343
4794 4793 4790
4796 404 305
4798 4797 4794
4800 278 255
4802 4801 4798
4804 290 255
4806 4805 4802
4808 320 255
4810 4809 4806
4812 388 255
4814 4813 4810
4816 266 251
4818 4817 4814
4820 410 251
4822 4821 4818
4824 414 251
4826 4825 4822
4828 424 251
4830 4829 4826
4832 428 251
4834 4833 4830
4836 364 249
4838 4837 4834
4840 458 249
4842 4841 4838
4844 362 247
4846 4845 4842
4848 462 247
4850 4849 4846
4852 510 241
4854 4853 4850
4856 504 239
4858 4857 4854
4860 458 235
4862 4861 4858
4864 488 235
4866 4865 4862
4868 426 233
4870 4869 4866
4872 416 231
4874 4873 4870
4876 352 227
4878 4877 4874
4880 360 227
4882 4881 4878
4884 358 225
4886 4885 4882
4888 354 223
4890 4889 4886
4892 356 223
4894 4893 4890
4896 352 221
4898 4897 4894
4900 354 221
4902 4901 4898
4904 348 219
4906 4905 4902
4908 352 219
4910 4909 4906
4912 344 217
4914 4913 4910
4916 350 217
4918 4917 4914
4920 344 215
4922 4921 4918
4924 346 215
4926 4925 4922
4928 344 213
4930 4929 4926
4932 418 213
4934 4933 4930
4936 338 207
4938 4937 4934
4940 336 205
4942 4941 4938
4944 332 201
4946 4945 4942
4948 330 199
4950 4949 4946
4952 328 197
4954 4953 4950
4956 294 193
4958 4957 4954
4960 318 189
4962 4961 4958
4964 316 187
4966 4965 4962
4968 314 185
4970 4969 4966
4972 312 183
4974 4973 4970
4976 310 181
4978 4977 4974
4980 398 171
4982 4981 4978
4984 296 169
4986 4985 4982
4988 284 163
4990 4989 4986
4992 280 161
4994 4993 4990
4996 532 157
4998 4997 4994
5000 530 155
5002 5001 4998
5004 528 153
5006 5005 5002
5008 516 151
5010 5009 5006
5012 526 151
5014 5013 5010
5016 524 149
5018 5017 5014
5020 508 147
5022 5021 5018
5024 506 145
5026 5025 5022
5028 482 141
5030 5029 5026
5032 486 141
5034 5033 5030
5036 516 141
5038 5037 5034
5040 484 139
5042 5041 5038
5044 514 139
5046 5045 5042
5048 482 137
5050 5049 5046
5052 534 135
5054 5053 5050
5056 436 133
5058 5057 5054
5060 444 131
5062 5061 5058
5064 468 131
5066 5065 5062
5068 438 129
5070 5069 5066
5072 440 127
5074 5073 5070
5076 442 125
5078 5077 5074
5080 452 123
5082 5081 5078
5084 244 121
5086 5085 5082
5088 440 121
5090 5089 5086
5092 450 121
5094 5093 5090
5096 472 121
5098 5097 5094
5100 476 121
5102 5101 5098
5104 454 119
5106 5105 5102
5108 446 117
5110 5109 5106
5112 550 115
5114 5113 5110
5116 548 113
5118 5117 5114
5120 544 111
5122 5121 5118
5124 546 109
5126 5125 5122
5128 542 107
5130 5129 5126
5132 538 105
5134 5133 5130
5136 554 103
5138 5137 5134
5140 552 101
5142 5141 5138
5144 540 99
5146 5145 5142
5148 556 97
5150 5149 5146
5152 288 95
5154 5153 5150
5156 286 93
5158 5157 5154
5160 282 91
5162 5161 5158
5164 274 89
5166 5165 5162
5168 262 87
5170 5169 5166
5172 264 85
5174 5173 5170
5176 260 83
5178 5177 5174
5180 258 81
5182 5181 5178
5184 276 79
5186 5185 5182
5188 270 77
5190 5189 5186
5192 272 75
5194 5193 5190
5196 268 73
5198 5197 5194
5200 461 72
5202 5201 5198
5204 269 72
5206 5205 5202
5208 273 74
5210 5209 5206
5212 271 76
5214 5213 5210
5216 277 78
5218 5217 5214
5220 259 80
5222 5221 5218
5224 261 82
5226 5225 5222
5228 265 84
5230 5229 5226
5232 263 86
5234 5233 5230
5236 275 88
5238 5237 5234
5240 283 90
5242 5241 5238
5244 287 92
5246 5245 5242
5248 289 94
5250 5249 5246
5252 557 96
5254 5253 5250
5256 541 98
5258 5257 5254
5260 553 100
5262 5261 5258
5264 555 102
5266 5265 5262
5268 539 104
5270 5269 5266
5272 543 106
5274 5273 5270
5276 547 108
5278 5277 5274
5280 545 110
5282 5281 5278
5284 549 112
5286 5285 5282
5288 551 114
5290 5289 5286
5292 475 116
5294 5293 5290
5296 455 118
5298 5297 5294
5300 477 120
5302 5301 5298
5304 451 120
5306 5305 5302
5308 453 122
5310 5309 5306
5312 451 124
5314 5313 5310
5316 443 124
5318 5317 5314
5320 441 126
5322 5321 5318
5324 439 128
5326 5325 5322
5328 445 130
5330 5329 5326
5332 441 130
5334 5333 5330
5336 437 132
5338 5337 5334
5340 535 134
5342 5341 5338
5344 513 136
5346 5345 5342
5348 489 136
5350 5349 5346
5352 487 136
5354 5353 5350
5356 483 136
5358 5357 5354
5360 441 136
5362 5361 5358
5364 439 136
5366 5365 5362
5368 515 138
5370 5369 5366
5372 485 138
5374 5373 5370
5376 517 140
5378 5377 5374
5380 501 140
5382 5381 5378
5384 487 140
5386 5385 5382
5388 507 144
5390 5389 5386
5392 509 146
5394 5393 5390
5396 525 148
5398 5397 5394
5400 515 148
5402 5401 5398
5404 527 150
5406 5405 5402
5408 365 150
5410 5409 5406
5412 529 152
5414 5413 5410
5416 531 154
5418 5417 5414
5420 533 156
5422 5421 5418
5424 281 160
5426 5425 5422
5428 285 162
5430 5429 5426
5432 295 166
5434 5433 5430
5436 397 168
5438 5437 5434
5440 299 170
5442 5441 5438
5444 407 178
5446 5445 5442
5448 311 180
5450 5449 5446
5452 313 182
5454 5453 5450
5456 315 184
5458 5457 5454
5460 317 186
5462 5461 5458
5464 319 188
5466 5465 5462
5468 329 196
5470 5469 5466
5472 331 198
5474 5473 5470
5476 333 200
5478 5477 5474
5480 337 204
5482 5481 5478
5484 339 206
5486 5485 5482
5488 423 212
5490 5489 5486
5492 355 212
5494 5493 5490
5496 347 212
5498 5497 5494
5500 345 212
5502 5501 5498
5504 347 214
5506 5505 5502
5508 351 216
5510 5509 5506
5512 355 218
5514 5513 5510
5516 353 218
5518 5517 5514
5520 355 220
5522 5521 5518
5524 357 222
5526 5525 5522
5528 467 224
5530 5529 5526
5532 359 224
5534 5533 5530
5536 361 226
5538 5537 5534
5540 387 228
5542 5541 5538
5544 423 230
5546 5545 5542
5548 417 230
5550 5549 5546
5552 427 232
5554 5553 5550
5556 352 232
5558 5557 5554
5560 418 232
5562 5561 5558
5564 489 234
5566 5565 5562
5568 505 238
5570 5569 5566
5572 511 240
5574 5573 5570
5576 473 244
5578 5577 5574
5580 474 244
5582 5581 5578
5584 367 246
5586 5585 5582
5588 501 250
5590 5589 5586
5592 401 256
5594 5593 5590
5596 387 274
5598 5597 5594
5600 325 294
5602 5601 5598
5604 391 300
5606 5605 5602
5608 405 304
5610 5609 5606
5612 423 342
5614 5613 5610
5616 351 344
5618 5617 5614
5620 419 348
5622 5621 5618
5624 501 350
5626 5625 5622
5628 357 352
5630 5629 5626
5632 361 354
5634 5633 5630
5636 359 354
5638 5637 5634
5640 357 354
5642 5641 5638
5644 501 356
5646 5645 5642
5648 438 414
5650 5649 5646
5652 440 414
5654 5653 5650
5656 423 416
5658 5657 5654
5660 418 416
5662 5661 5658
5664 423 418
5666 5665 5662
5668 426 418
5670 5669 5666
5672 441 436
5674 5673 5670
5676 473 438
5678 5677 5674
5680 443 438
5682 5681 5678
5684 441 438
5686 5685 5682
5688 473 440
5690 5689 5686
5692 443 440
5694 5693 5690
5696 451 442
5698 5697 5694
5700 473 448
5702 5701 5698
5704 473 452
5706 5705 5702
5708 473 454
5710 5709 5706
5712 523 474
5714 5713 5710
5716 501 480
5718 5717 5714
5720 529 482
5722 5721 5718
5724 491 482
5726 5725 5722
5728 501 484
5730 5729 5726
5732 579 510
5734 5733 5730
5736 529 516
5738 5737 5734
5740 529 526
5742 5741 5738
5744 516 506
5746 5744 491
5748 5747 5742
5750 523 520
5752 5750 477
5754 5753 5748
5756 537 534
5758 5756 451
5760 5759 5754
5762 535 520
5764 5762 443
5766 5765 5760
5768 516 440
5770 5768 439
5772 5771 5766
5774 508 440
5776 5774 437
5778 5777 5772
5780 472 441
5782 5780 429
5784 5783 5778
5786 504 389
5788 5786 357
5790 5789 5784
5792 511 360
5794 5792 357
5796 5795 5790
5798 525 480
5800 5798 345
5802 5801 5796
5804 520 505
5806 5804 335
5808 5807 5802
5810 520 505
5812 5810 327
5814 5813 5808
5816 520 505
5818 5816 325
5820 5819 5814
5822 520 505
5824 5822 323
5826 5825 5820
5828 514 357
5830 5828 255
5832 5831 5826
5834 419 308
5836 5834 255
5838 5837 5832
5840 419 340
5842 5840 255
5844 5843 5838
5846 419 408
5848 5846 255
5850 5849 5844
5852 522 505
5854 5852 253
5856 5855 5850
5858 454 441
5860 5858 251
5862 5861 5856
5864 366 364
5866 5864 247
5868 5867 5862
5870 523 472
5872 5870 245
5874 5873 5868
5876 475 472
5878 5876 245
5880 5879 5874
5882 522 253
5884 5882 239
5886 5885 5880
5888 521 356
5890 5888 239
5892 5891 5886
5894 521 364
5896 5894 239
5898 5897 5892
5900 521 458
5902 5900 239
5904 5903 5898
5906 521 490
5908 5906 239
5910 5909 5904
5912 520 505
5914 5912 229
5916 5915 5910
5918 276 239
5920 5918 229
5922 5921 5916
5924 364 239
5926 5924 229
5928 5927 5922
5930 505 258
5932 5930 229
5934 5933 5928
5936 505 260
5938 5936 229
5940 5939 5934
5942 505 262
5944 5942 229
5946 5945 5940
5948 505 264
5950 5948 229
5952 5951 5946
5954 505 272
5956 5954 229
5958 5957 5952
5960 505 294
5962 5960 229
5964 5963 5958
5966 505 298
5968 5966 229
5970 5969 5964
5972 505 300
5974 5972 229
5976 5975 5970
5978 505 302
5980 5978 229
5982 5981 5976
5984 505 394
5986 5984 229
5988 5987 5982
5990 505 396
5992 5990 229
5994 5993 5988
5996 505 398
5998 5996 229
6000 5999 5994
6002 505 400
6004 6002 229
6006 6005 6000
6008 505 404
6010 6008 229
6012 6011 6006
6014 389 254
6016 6014 219
6018 6017 6012
6020 422 389
6022 6020 213
6024 6023 6018
6026 356 255
6028 6026 213
6030 6029 6024
6032 514 255
6034 6032 213
6036 6035 6030
6038 422 231
6040 6038 213
6042 6041 6036
6044 389 254
6046 6044 213
6048 6047 6042
6050 406 327
6052 6050 207
6054 6053 6048
6056 406 325
6058 6056 207
6060 6059 6054
6062 406 323
6064 6062 207
6066 6065 6060
6068 520 505
6070 6068 195
6072 6071 6066
6074 406 207
6076 6074 195
6078 6077 6072
6080 520 505
6082 6080 193
6084 6083 6078
6086 260 229
6088 6086 193
6090 6089 6084
6092 386 229
6094 6092 193
6096 6095 6090
6098 390 229
6100 6098 193
6102 6101 6096
6104 392 229
6106 6104 193
6108 6107 6102
6110 402 229
6112 6110 193
6114 6113 6108
6116 505 196
6118 6116 193
6120 6119 6114
6122 505 192
6124 6122 191
6126 6125 6120
6128 229 192
6130 6128 191
6132 6131 6126
6134 419 226
6136 6134 145
6138 6137 6132
6140 484 347
6142 6140 139
6144 6143 6138
6146 450 443
6148 6146 135
6150 6149 6144
6152 520 425
6154 6152 121
6156 6155 6150
6158 212 135
6160 6158 121
6162 6161 6156
6164 364 135
6166 6164 121
6168 6167 6162
6170 418 135
6172 6170 121
6174 6173 6168
6176 520 135
6178 6176 121
6180 6179 6174
6182 251 134
6184 6182 121
6186 6185 6180
6188 523 252
6190 6188 121
6192 6191 6186
6194 537 364
6196 6194 121
6198 6197 6192
6200 535 364
6202 6200 121
6204 6203 6198
6206 386 229
6208 6206 89
6210 6209 6204
6212 505 229
6214 6212 72
6216 6215 6210
6218 505 229
6220 6218 76
6222 6221 6216
6224 229 193
6226 6224 76
6228 6227 6222
6230 505 229
6232 6230 120
6234 6233 6228
6236 517 425
6238 6236 150
6240 6239 6234
6242 239 229
6244 6242 180
6246 6245 6240
6248 505 229
6250 6248 182
6252 6251 6246
6254 505 229
6256 6254 184
6258 6257 6252
6260 239 229
6262 6260 186
6264 6263 6258
6266 505 229
6268 6266 188
6270 6269 6264
6272 505 193
6274 6272 190
6276 6275 6270
6278 505 229
6280 6278 192
6282 6281 6276
6284 323 229
6286 6284 192
6288 6287 6282
6290 505 203
6292 6290 192
6294 6293 6288
6296 229 203
6298 6296 192
6300 6299 6294
6302 505 195
6304 6302 192
6306 6305 6300
6308 229 195
6310 6308 192
6312 6311 6306
6314 505 229
6316 6314 194
6318 6317 6312
6320 505 229
6322 6320 198
6324 6323 6318
6326 505 229
6328 6326 200
6330 6329 6324
6332 505 229
6334 6332 202
6336 6335 6330
6338 505 229
6340 6338 204
6342 6341 6336
6344 335 229
6346 6344 204
6348 6347 6342
6350 505 229
6352 6350 206
6354 6353 6348
6356 419 352
6358 6356 212
6360 6359 6354
6362 365 363
6364 6362 246
6366 6365 6360
6368 459 365
6370 6368 248
6372 6371 6366
6374 443 429
6376 6374 250
6378 6377 6372
6380 523 472
6382 6380 252
6384 6383 6378
6386 419 389
6388 6386 254
6390 6389 6384
6392 389 357
6394 6392 254
6396 6395 6390
6398 535 443
6400 6398 356
6402 6401 6396
6404 515 505
6406 6404 364
6408 6407 6402
6410 440 439
6412 6410 410
6414 6413 6408
6416 438 437
6418 6416 410
6420 6419 6414
6422 507 438
6424 6422 410
6426 6425 6420
6428 516 491
6430 6428 448
6432 6431 6426
6434 522 475
6436 6434 472
6438 6437 6432
6440 515 505
6442 6440 488
6444 6443 6438
6446 522 505
6448 6446 476
6450 6448 473
6452 6451 6444
6454 537 454
6456 6454 453
6458 6456 447
6460 6459 6452
6462 537 455
6464 6462 452
6466 6464 447
6468 6467 6460
6470 536 454
6472 6470 452
6474 6472 447
6476 6475 6468
6478 534 505
6480 6478 442
6482 6480 441
6484 6483 6476
6486 505 473
6488 6486 450
6490 6488 425
6492 6491 6484
6494 491 422
6496 6494 419
6498 6496 417
6500 6499 6492
6502 439 427
6504 6502 354
6506 6504 353
6508 6507 6500
6510 412 351
6512 6510 347
6514 6512 343
6516 6515 6508
6518 413 350
6520 6518 347
6522 6520 343
6524 6523 6516
6526 413 351
6528 6526 346
6530 6528 343
6532 6531 6524
6534 412 350
6536 6534 346
6538 6536 343
6540 6539 6532
6542 529 419
6544 6542 356
6546 6544 255
6548 6547 6540
6550 534 505
6552 6550 441
6554 6552 251
6556 6555 6548
6558 529 422
6560 6558 419
6562 6560 231
6564 6563 6556
6566 412 350
6568 6566 346
6570 6568 231
6572 6571 6564
6574 426 361
6576 6574 357
6578 6576 225
6580 6579 6572
6582 427 360
6584 6582 357
6586 6584 225
6588 6587 6580
6590 357 233
6592 6590 226
6594 6592 225
6596 6595 6588
6598 426 360
6600 6598 356
6602 6600 225
6604 6603 6596
6606 354 347
6608 6606 233
6610 6608 219
6612 6611 6604
6614 427 354
6616 6614 353
6618 6616 213
6620 6619 6612
6622 427 354
6624 6622 219
6626 6624 213
6628 6627 6620
6630 484 347
6632 6630 343
6634 6632 139
6636 6635 6628
6638 535 438
6640 6638 437
6642 6640 131
6644 6643 6636
6646 535 439
6648 6646 436
6650 6648 131
6652 6651 6644
6654 534 438
6656 6654 436
6658 6656 131
6660 6659 6652
6662 534 505
6664 6662 473
6666 6664 120
6668 6667 6660
6670 536 505
6672 6670 473
6674 6672 120
6676 6675 6668
6678 505 473
6680 6678 253
6682 6680 120
6684 6683 6676
6686 505 441
6688 6686 251
6690 6688 120
6692 6691 6684
6694 535 439
6696 6694 437
6698 6696 130
6700 6699 6692
6702 534 438
6704 6702 437
6706 6704 130
6708 6707 6700
6710 534 439
6712 6710 436
6714 6712 130
6716 6715 6708
6718 535 438
6720 6718 436
6722 6720 130
6724 6723 6716
6726 491 427
6728 6726 419
6730 6728 212
6732 6731 6724
6734 529 419
6736 6734 417
6738 6736 212
6740 6739 6732
6742 439 419
6744 6742 413
6746 6744 212
6748 6747 6740
6750 491 419
6752 6750 233
6754 6752 212
6756 6755 6748
6758 424 419
6760 6758 233
6762 6760 212
6764 6763 6756
6766 529 419
6768 6766 231
6770 6768 212
6772 6771 6764
6774 427 361
6776 6774 357
6778 6776 224
6780 6779 6772
6782 426 360
6784 6782 357
6786 6784 224
6788 6787 6780
6790 441 251
6792 6790 239
6794 6792 228
6796 6795 6788
6798 440 439
6800 6798 267
6802 6800 250
6804 6803 6796
6806 413 351
6808 6806 347
6810 6808 342
6812 6811 6804
6814 412 350
6816 6814 347
6818 6816 342
6820 6819 6812
6822 412 351
6824 6822 346
6826 6824 342
6828 6827 6820
6830 427 361
6832 6830 359
6834 6832 356
6836 6835 6828
6838 426 360
6840 6838 359
6842 6840 356
6844 6843 6836
6846 426 361
6848 6846 358
6850 6848 356
6852 6851 6844
6854 537 455
6856 6854 453
6858 6856 446
6860 6859 6852
6862 536 454
6864 6862 453
6866 6864 446
6868 6867 6860
6870 536 455
6872 6870 452
6874 6872 446
6876 6875 6868
6878 537 454
6880 6878 452
6882 6880 446
6884 6883 6876
6886 427 360
6888 6886 358
6890 6888 356
6892 6890 355
6894 6893 6884
6896 422 413
6898 6896 350
6900 6898 346
6902 6900 221
6904 6903 6894
6906 422 413
6908 6906 350
6910 6908 346
6912 6910 213
6914 6913 6904
6916 534 440
6918 6916 439
6920 6918 437
6922 6920 131
6924 6923 6914
6926 534 438
6928 6926 436
6930 6928 251
6932 6930 131
6934 6933 6924
6936 427 360
6938 6936 356
6940 6938 355
6942 6940 224
6944 6943 6934
6946 517 505
6948 6946 429
6950 6948 267
6952 6950 250
6954 6953 6944
6956 448 447
6958 6956 429
6960 6958 267
6962 6960 250
6964 6963 6954
6966 487 454
6968 6966 429
6970 6968 267
6972 6970 250
6974 6973 6964
6976 446 429
6978 6976 411
6980 6978 267
6982 6980 250
6984 6983 6974
6986 454 429
6988 6986 411
6990 6988 267
6992 6990 250
6994 6993 6984
6996 426 413
6998 6996 350
7000 6998 346
7002 7000 342
7004 7003 6994
7006 536 455
7008 7006 453
7010 7008 447
7012 7010 440
7014 7013 7004
7016 536 505
7018 7016 455
7020 7018 453
7022 7020 450
7024 7022 447
7026 7025 7014
7028 536 505
7030 7028 455
7032 7030 453
7034 7032 447
7036 7034 253
7038 7037 7026
7040 491 413
7042 7040 350
7044 7042 346
7046 7044 342
7048 7046 219
7050 7049 7038
7052 439 429
7054 7052 425
7056 7054 411
7058 7056 267
7060 7058 250
7062 7061 7050
7064 536 505
7066 7064 455
7068 7066 453
7070 7068 447
7072 7070 442
7074 7073 7062
0
c time = 8.04833
